This is TeX, Version 3.14159 (Web2c 7.3.7x) (format=latex 2006.11.20)  27 DEC 2011 02:42
**agv_Russian1251.tex
(./agv_Russian1251.tex
LaTeX2e <2001/06/01>
Loading CZ hyphenation patterns: Pavel Sevecek, v3, 1995
Loading SK hyphenation patterns: Jana Chlebikova, 1992
Babel <v3.7h> and hyphenation patterns for english, dumylang, nohyphenation, cz
ech, slovak, german, ngerman, spanish, catalan, french, ukenglish, italian, dut
ch, polish, portuguese, russian, loaded.
(c:/Program Files/TeXLive/texmf/tex/latex/base/article.cls
Document Class: article 2001/04/21 v1.4e Standard LaTeX document class
(c:/Program Files/TeXLive/texmf/tex/latex/base/size11.clo
File: size11.clo 2001/04/21 v1.4e Standard LaTeX file (size option)
)
\c@part=\count79
\c@section=\count80
\c@subsection=\count81
\c@subsubsection=\count82
\c@paragraph=\count83
\c@subparagraph=\count84
\c@figure=\count85
\c@table=\count86
\abovecaptionskip=\skip41
\belowcaptionskip=\skip42
\bibindent=\dimen102
)
(c:/Program Files/TeXLive/texmf-local/tex/latex/cite.sty
Package: cite 1999/04/23  v 3.8
)
(c:/Program Files/TeXLive/texmf-local/tex/latex/a4.sty
Style option `A4' 1.2 <26 Feb 90> (NP and JLB)
English documentation   <26 Feb 90> (JLB)
) (c:/Program Files/TeXLive/texmf/tex/latex/amslatex/amsmath.sty
Package: amsmath 2000/07/18 v2.13 AMS math features
\@mathmargin=\skip43

For additional information on amsmath, use the `?' option.
(c:/Program Files/TeXLive/texmf/tex/latex/amslatex/amstext.sty
Package: amstext 2000/06/29 v2.01

(c:/Program Files/TeXLive/texmf/tex/latex/amslatex/amsgen.sty
File: amsgen.sty 1999/11/30 v2.0
\@emptytoks=\toks14
\ex@=\dimen103
))
(c:/Program Files/TeXLive/texmf/tex/latex/amslatex/amsbsy.sty
Package: amsbsy 1999/11/29 v1.2d
\pmbraise@=\dimen104
)
(c:/Program Files/TeXLive/texmf/tex/latex/amslatex/amsopn.sty
Package: amsopn 1999/12/14 v2.01 operator names
)
\inf@bad=\count87
LaTeX Info: Redefining \frac on input line 211.
\uproot@=\count88
\leftroot@=\count89
LaTeX Info: Redefining \overline on input line 307.
\classnum@=\count90
\DOTSCASE@=\count91
LaTeX Info: Redefining \ldots on input line 379.
LaTeX Info: Redefining \dots on input line 382.
LaTeX Info: Redefining \cdots on input line 467.
\Mathstrutbox@=\box26
\strutbox@=\box27
\big@size=\dimen105
LaTeX Font Info:    Redeclaring font encoding OML on input line 567.
LaTeX Font Info:    Redeclaring font encoding OMS on input line 568.
\macc@depth=\count92
\c@MaxMatrixCols=\count93
\dotsspace@=\muskip10
\c@parentequation=\count94
\dspbrk@lvl=\count95
\tag@help=\toks15
\row@=\count96
\column@=\count97
\maxfields@=\count98
\andhelp@=\toks16
\eqnshift@=\dimen106
\alignsep@=\dimen107
\tagshift@=\dimen108
\tagwidth@=\dimen109
\totwidth@=\dimen110
\lineht@=\dimen111
\@envbody=\toks17
\multlinegap=\skip44
\multlinetaggap=\skip45
\mathdisplay@stack=\toks18
LaTeX Info: Redefining \[ on input line 2666.
LaTeX Info: Redefining \] on input line 2667.
)
(c:/Program Files/TeXLive/texmf/tex/latex/amsfonts/amsfonts.sty
Package: amsfonts 2001/10/25 v2.2f
\symAMSa=\mathgroup4
\symAMSb=\mathgroup5
LaTeX Font Info:    Overwriting math alphabet `\mathfrak' in version `bold'
(Font)                  U/euf/m/n --> U/euf/b/n on input line 132.
)
(c:/Program Files/TeXLive/texmf/tex/latex/amsfonts/amssymb.sty
Package: amssymb 2002/01/22 v2.2d
)
(c:/Program Files/TeXLive/texmf-local/tex/latex/epic.sty
Enhancements to Picture Environment. Version 1.2 - Released June 1, 1986
\@@multicnt=\count99
\d@lta=\count100
\@delta=\dimen112
\@@delta=\dimen113
\@gridcnt=\count101
\@joinkind=\count102
\@dotgap=\dimen114
\@ddotgap=\dimen115
\@x@diff=\count103
\@y@diff=\count104
\x@diff=\dimen116
\y@diff=\dimen117
\@dotbox=\box28
\num@segments=\count105
\num@segmentsi=\count106
\@datafile=\read1
) (./gastex.sty
Package: gastex 2004/05/02 v2.7
 (c:/Program Files/TeXLive/texmf-local/tex/latex/calc.sty
Package: calc 1998/07/07 v4.1b Infix arithmetic (KKT,FJ)
\calc@Acount=\count107
\calc@Bcount=\count108
\calc@Adimen=\dimen118
\calc@Bdimen=\dimen119
\calc@Askip=\skip46
\calc@Bskip=\skip47
LaTeX Info: Redefining \setlength on input line 55.
LaTeX Info: Redefining \addtolength on input line 56.
\calc@denominator=\count109
)
(c:/Program Files/TeXLive/texmf-local/tex/latex/trig.sty
Package: trig 1999/03/16 v1.09 sin cos tan (DPC)
)
\c@cnt@a=\count110
\c@cnt@b=\count111
\c@cnt@c=\count112
\dim@x=\dimen120
\dim@y=\dimen121
\temp@box=\box29
\d@my@unit=\dimen122
\c@cnt@@a=\count113
\c@cnt@@b=\count114
\c@cnt@@c=\count115
)
(c:/Program Files/TeXLive/texmf/tex/latex/tools/array.sty
Package: array 1998/05/13 v2.3m Tabular extension package (FMi)
\col@sep=\dimen123
\extrarowheight=\dimen124
\NC@list=\toks19
\extratabsurround=\skip48
\backup@length=\skip49
)
(c:/Program Files/TeXLive/texmf/tex/latex/amslatex/amsthm.sty
Package: amsthm 2000/10/26 v2.08
\thm@style=\toks20
\thm@bodyfont=\toks21
\thm@headfont=\toks22
\thm@notefont=\toks23
\thm@headpunct=\toks24
\thm@preskip=\skip50
\thm@postskip=\skip51
\thm@headsep=\skip52
\dth@everypar=\toks25
)
(c:/Program Files/TeXLive/texmf/tex/latex/tools/hhline.sty
Package: hhline 1994/05/23 v2.03 Table rule package (DPC)
)
(c:/Program Files/TeXLive/texmf/tex/latex/graphics/graphicx.sty
Package: graphicx 1999/02/16 v1.0f Enhanced LaTeX Graphics (DPC,SPQR)

(c:/Program Files/TeXLive/texmf/tex/latex/graphics/keyval.sty
Package: keyval 1999/03/16 v1.13 key=value parser (DPC)
\KV@toks@=\toks26
)
(c:/Program Files/TeXLive/texmf/tex/latex/graphics/graphics.sty
Package: graphics 2001/07/07 v1.0n Standard LaTeX Graphics (DPC,SPQR)

(c:/Program Files/TeXLive/texmf/tex/latex/texlive/graphics.cfg
File: graphics.cfg 2001/08/31 v1.1 graphics configuration of teTeX/TeXLive
)
Package graphics Info: Driver file: dvips.def on input line 80.

(c:/Program Files/TeXLive/texmf/tex/latex/graphics/dvips.def
File: dvips.def 1999/02/16 v3.0i Driver-dependant file (DPC,SPQR)
))
\Gin@req@height=\dimen125
\Gin@req@width=\dimen126
)
(c:/Program Files/TeXLive/texmf/tex/latex/base/inputenc.sty
Package: inputenc 2001/07/10 v0.99a Input encoding file 

(c:/Program Files/TeXLive/texmf/tex/latex/cyrillic/cp1251.def
File: cp1251.def 1999/11/16 v1.0d Input encoding file
))
(c:/Program Files/TeXLive/texmf/tex/generic/babel/babel.sty
Package: babel 2001/03/01 v3.7h The Babel package

(c:/Program Files/TeXLive/texmf/tex/generic/babel/english.ldf
Language: english 2001/04/15 v3.3l English support from the babel system

(c:/Program Files/TeXLive/texmf/tex/generic/babel/babel.def
File: babel.def 2001/03/01 v3.7h Babel common definitions
\babel@savecnt=\count116
\U@D=\dimen127
)
\l@canadian = a dialect from \language\l@english 
)
(c:/Program Files/TeXLive/texmf/tex/generic/babel/russianb.ldf
Language: russianb 2001/02/21 v1.1n Russian support from the babel system

(c:/Program Files/TeXLive/texmf/tex/latex/cyrillic/t2aenc.def
File: t2aenc.def 2001/08/11 v1.0f Cyrillic encoding definition file
)
LaTeX Info: Redefining \latintext on input line 118.
LaTeX Info: Redefining \textlatin on input line 123.
Package babel Info: Making " an active character on input line 188.
))
\symrsfscript=\mathgroup6
\c@theorem=\count117
\c@cor=\count118
\c@prop=\count119
\c@lemma=\count120
\c@conjecture=\count121

(./agv_Russian1251.aux
LaTeX Font Info:    Try loading font information for T2A+cmr on input line 5.

(c:/Program Files/TeXLive/texmf/tex/latex/cyrillic/t2acmr.fd
File: t2acmr.fd 2001/08/11 v1.0a Computer Modern Cyrillic font definitions
))
\openout1 = `agv_Russian1251.aux'.

LaTeX Font Info:    Checking defaults for OML/cmm/m/it on input line 40.
LaTeX Font Info:    ... okay on input line 40.
LaTeX Font Info:    Checking defaults for T1/cmr/m/n on input line 40.
LaTeX Font Info:    ... okay on input line 40.
LaTeX Font Info:    Checking defaults for OT1/cmr/m/n on input line 40.
LaTeX Font Info:    ... okay on input line 40.
LaTeX Font Info:    Checking defaults for OMS/cmsy/m/n on input line 40.
LaTeX Font Info:    ... okay on input line 40.
LaTeX Font Info:    Checking defaults for OMX/cmex/m/n on input line 40.
LaTeX Font Info:    ... okay on input line 40.
LaTeX Font Info:    Checking defaults for U/cmr/m/n on input line 40.
LaTeX Font Info:    ... okay on input line 40.
LaTeX Font Info:    Checking defaults for T2A/cmr/m/n on input line 40.
LaTeX Font Info:    ... okay on input line 40.
LaTeX Font Info:    Try loading font information for U+msa on input line 55.

(c:/Program Files/TeXLive/texmf/tex/latex/amsfonts/umsa.fd
File: umsa.fd 2002/01/19 v2.2g AMS font definitions
)
LaTeX Font Info:    Try loading font information for U+msb on input line 55.

(c:/Program Files/TeXLive/texmf/tex/latex/amsfonts/umsb.fd
File: umsb.fd 2002/01/19 v2.2g AMS font definitions
)
LaTeX Font Info:    Try loading font information for OMS+rsfs on input line 55.


(c:/Program Files/TeXLive/texmf/tex/latex/calrsfs/omsrsfs.fd) [1

] [2] [3]
[4] [5] [6] [7] [8] [9]
LaTeX Font Info:    Try loading font information for OMS+cmr on input line 642.


(c:/Program Files/TeXLive/texmf/tex/latex/base/omscmr.fd
File: omscmr.fd 1999/05/25 v2.5h Standard LaTeX font definitions
)
LaTeX Font Info:    Font shape `OMS/cmr/m/n' in size <10.95> not available
(Font)              Font shape `OMS/cmsy/m/n' tried instead on input line 642.
File: relation.eps Graphic file (type eps)
 <relation.eps>
[10] [11] [12] [13] [14] [15] [16] [17] [18] [19] [20] [21] [22] [23] [24]
(./agv_Russian1251.aux) ) 
Here is how much of TeX's memory you used:
 3225 strings out of 50491
 36826 string characters out of 1189754
 114613 words of memory out of 1500001
 6095 multiletter control sequences out of 10000+15000
 34220 words of font info for 99 fonts, out of 400000 for 1000
 288 hyphenation exceptions out of 1000
 29i,15n,24p,1423b,368s stack positions out of 1500i,500n,1500p,200000b,5000s

Output written on agv_Russian1251.dvi (24 pages, 211908 bytes).
