This is pdfTeX, Version 3.14159-1.00b-pretest-20020211 (Web2c 7.3.7x) (format=pdflatex 2006.6.6)  17 APR 2010 23:35
**agv_sss.tex
(./agv_sss.tex{c:/Program Files/TeXLive/texmf-var/pdftex/config/pdftex.cfg}
LaTeX2e <2001/06/01>
Loading CZ hyphenation patterns: Pavel Sevecek, v3, 1995
Loading SK hyphenation patterns: Jana Chlebikova, 1992
Babel <v3.7h> and hyphenation patterns for english, dumylang, nohyphenation, cz
ech, slovak, german, ngerman, spanish, catalan, french, ukenglish, italian, dut
ch, polish, portuguese, loaded.
(c:/Program Files/TeXLive/texmf-local/tex/latex/llncs.cls
Document Class: llncs 2004/08/17 v2.14 
 LaTeX document class for Lecture Notes in Computer Science
(c:/Program Files/TeXLive/texmf/tex/latex/base/article.cls
Document Class: article 2001/04/21 v1.4e Standard LaTeX document class
(c:/Program Files/TeXLive/texmf/tex/latex/base/size11.clo
File: size11.clo 2001/04/21 v1.4e Standard LaTeX file (size option)
)
\c@part=\count79
\c@section=\count80
\c@subsection=\count81
\c@subsubsection=\count82
\c@paragraph=\count83
\c@subparagraph=\count84
\c@figure=\count85
\c@table=\count86
\abovecaptionskip=\skip41
\belowcaptionskip=\skip42
\bibindent=\dimen102
)
(c:/Program Files/TeXLive/texmf/tex/latex/tools/multicol.sty
Package: multicol 2000/07/10 v1.5z multicolumn formatting (FMi)
\c@tracingmulticols=\count87
\mult@box=\box26
\multicol@leftmargin=\dimen103
\c@unbalance=\count88
\c@collectmore=\count89
\doublecol@number=\count90
\multicoltolerance=\count91
\multicolpretolerance=\count92
\full@width=\dimen104
\page@free=\dimen105
\premulticols=\dimen106
\postmulticols=\dimen107
\multicolsep=\skip43
\multicolbaselineskip=\skip44
\partial@page=\box27
\last@line=\box28
\mult@rightbox=\box29
\mult@grightbox=\box30
\mult@gfirstbox=\box31
\mult@firstbox=\box32
\@tempa=\box33
\@tempa=\box34
\@tempa=\box35
\@tempa=\box36
\@tempa=\box37
\@tempa=\box38
\@tempa=\box39
\@tempa=\box40
\@tempa=\box41
\@tempa=\box42
\@tempa=\box43
\@tempa=\box44
\@tempa=\box45
\@tempa=\box46
\@tempa=\box47
\@tempa=\box48
\@tempa=\box49
\c@columnbadness=\count93
\c@finalcolumnbadness=\count94
\last@try=\dimen108
\multicolovershoot=\dimen109
\multicolundershoot=\dimen110
\mult@nat@firstbox=\box50
\colbreak@box=\box51
)
\c@chapter=\count95
LaTeX Font Info:    Redeclaring math symbol \Gamma on input line 360.
LaTeX Font Info:    Redeclaring math symbol \Delta on input line 361.
LaTeX Font Info:    Redeclaring math symbol \Theta on input line 362.
LaTeX Font Info:    Redeclaring math symbol \Lambda on input line 363.
LaTeX Font Info:    Redeclaring math symbol \Xi on input line 364.
LaTeX Font Info:    Redeclaring math symbol \Pi on input line 365.
LaTeX Font Info:    Redeclaring math symbol \Sigma on input line 366.
LaTeX Font Info:    Redeclaring math symbol \Upsilon on input line 367.
LaTeX Font Info:    Redeclaring math symbol \Phi on input line 368.
LaTeX Font Info:    Redeclaring math symbol \Psi on input line 369.
LaTeX Font Info:    Redeclaring math symbol \Omega on input line 370.
\tocchpnum=\dimen111
\tocsecnum=\dimen112
\tocsectotal=\dimen113
\tocsubsecnum=\dimen114
\tocsubsectotal=\dimen115
\tocsubsubsecnum=\dimen116
\tocsubsubsectotal=\dimen117
\tocparanum=\dimen118
\tocparatotal=\dimen119
\tocsubparanum=\dimen120
\@tempcntc=\count96
\fnindent=\dimen121
\c@@inst=\count97
\c@@auth=\count98
\c@auco=\count99
\instindent=\dimen122
\authrun=\box52
\authorrunning=\toks14
\tocauthor=\toks15
\titrun=\box53
\titlerunning=\toks16
\toctitle=\toks17
\c@theorem=\count100
\c@case=\count101
\c@conjecture=\count102
\c@corollary=\count103
\c@definition=\count104
\c@example=\count105
\c@exercise=\count106
\c@lemma=\count107
\c@note=\count108
\c@problem=\count109
\c@property=\count110
\c@proposition=\count111
\c@question=\count112
\c@solution=\count113
\c@remark=\count114
\headlineindent=\dimen123
)
(c:/Program Files/TeXLive/texmf/tex/latex/amslatex/amsmath.sty
Package: amsmath 2000/07/18 v2.13 AMS math features
\@mathmargin=\skip45

For additional information on amsmath, use the `?' option.
(c:/Program Files/TeXLive/texmf/tex/latex/amslatex/amstext.sty
Package: amstext 2000/06/29 v2.01

(c:/Program Files/TeXLive/texmf/tex/latex/amslatex/amsgen.sty
File: amsgen.sty 1999/11/30 v2.0
\@emptytoks=\toks18
\ex@=\dimen124
))
(c:/Program Files/TeXLive/texmf/tex/latex/amslatex/amsbsy.sty
Package: amsbsy 1999/11/29 v1.2d
\pmbraise@=\dimen125
)
(c:/Program Files/TeXLive/texmf/tex/latex/amslatex/amsopn.sty
Package: amsopn 1999/12/14 v2.01 operator names
)
\inf@bad=\count115
LaTeX Info: Redefining \frac on input line 211.
\uproot@=\count116
\leftroot@=\count117
LaTeX Info: Redefining \overline on input line 307.
\classnum@=\count118
\DOTSCASE@=\count119
LaTeX Info: Redefining \ldots on input line 379.
LaTeX Info: Redefining \dots on input line 382.
LaTeX Info: Redefining \cdots on input line 467.
\Mathstrutbox@=\box54
\strutbox@=\box55
\big@size=\dimen126
LaTeX Font Info:    Redeclaring font encoding OML on input line 567.
LaTeX Font Info:    Redeclaring font encoding OMS on input line 568.


Package amsmath Warning: Unable to redefine math accent \vec.

\macc@depth=\count120
\c@MaxMatrixCols=\count121
\dotsspace@=\muskip10
\c@parentequation=\count122
\dspbrk@lvl=\count123
\tag@help=\toks19
\row@=\count124
\column@=\count125
\maxfields@=\count126
\andhelp@=\toks20
\eqnshift@=\dimen127
\alignsep@=\dimen128
\tagshift@=\dimen129
\tagwidth@=\dimen130
\totwidth@=\dimen131
\lineht@=\dimen132
\@envbody=\toks21
\multlinegap=\skip46
\multlinetaggap=\skip47
\mathdisplay@stack=\toks22
LaTeX Info: Redefining \[ on input line 2666.
LaTeX Info: Redefining \] on input line 2667.
) (c:/Program Files/TeXLive/texmf/tex/latex/amsfonts/amssymb.sty
Package: amssymb 2002/01/22 v2.2d

(c:/Program Files/TeXLive/texmf/tex/latex/amsfonts/amsfonts.sty
Package: amsfonts 2001/10/25 v2.2f
\symAMSa=\mathgroup4
\symAMSb=\mathgroup5
LaTeX Font Info:    Overwriting math alphabet `\mathfrak' in version `bold'
(Font)                  U/euf/m/n --> U/euf/b/n on input line 132.
))
(c:/Program Files/TeXLive/texmf-local/tex/latex/epic.sty
Enhancements to Picture Environment. Version 1.2 - Released June 1, 1986
\@@multicnt=\count127
\d@lta=\count128
\@delta=\dimen133
\@@delta=\dimen134
\@gridcnt=\count129
\@joinkind=\count130
\@dotgap=\dimen135
\@ddotgap=\dimen136
\@x@diff=\count131
\@y@diff=\count132
\x@diff=\dimen137
\y@diff=\dimen138
\@dotbox=\box56
\num@segments=\count133
\num@segmentsi=\count134
\@datafile=\read1
) (c:/Program Files/TeXLive/texmf-local/tex/latex/gastex.sty
Package: gastex 2004/05/02 v2.7

(c:/Program Files/TeXLive/texmf-local/tex/latex/calc.sty
Package: calc 1998/07/07 v4.1b Infix arithmetic (KKT,FJ)
\calc@Acount=\count135
\calc@Bcount=\count136
\calc@Adimen=\dimen139
\calc@Bdimen=\dimen140
\calc@Askip=\skip48
\calc@Bskip=\skip49
LaTeX Info: Redefining \setlength on input line 55.
LaTeX Info: Redefining \addtolength on input line 56.
\calc@denominator=\count137
)
(c:/Program Files/TeXLive/texmf-local/tex/latex/trig.sty
Package: trig 1999/03/16 v1.09 sin cos tan (DPC)
)
\c@cnt@a=\count138
\c@cnt@b=\count139
\c@cnt@c=\count140
\dim@x=\dimen141
\dim@y=\dimen142
\temp@box=\box57
\d@my@unit=\dimen143
\c@cnt@@a=\count141
\c@cnt@@b=\count142
\c@cnt@@c=\count143
)
(c:/Program Files/TeXLive/texmf/tex/latex/tools/array.sty
Package: array 1998/05/13 v2.3m Tabular extension package (FMi)
\col@sep=\dimen144
\extrarowheight=\dimen145
\NC@list=\toks23
\extratabsurround=\skip50
\backup@length=\skip51
)
\symrsfscript=\mathgroup6
 (./agv_sss.aux

LaTeX Warning: Label `B5' multiply defined.


LaTeX Warning: Label `theo' multiply defined.


LaTeX Warning: Label `theo' multiply defined.


LaTeX Warning: Label `B5' multiply defined.


LaTeX Warning: Label `theo' multiply defined.


LaTeX Warning: Label `theo' multiply defined.


LaTeX Warning: Label `B5' multiply defined.


LaTeX Warning: Label `B-star-6' multiply defined.

)
\openout1 = `agv_sss.aux'.

LaTeX Font Info:    Checking defaults for OML/cmm/m/it on input line 19.
LaTeX Font Info:    ... okay on input line 19.
LaTeX Font Info:    Checking defaults for T1/cmr/m/n on input line 19.
LaTeX Font Info:    ... okay on input line 19.
LaTeX Font Info:    Checking defaults for OT1/cmr/m/n on input line 19.
LaTeX Font Info:    ... okay on input line 19.
LaTeX Font Info:    Checking defaults for OMS/cmsy/m/n on input line 19.
LaTeX Font Info:    ... okay on input line 19.
LaTeX Font Info:    Checking defaults for OMX/cmex/m/n on input line 19.
LaTeX Font Info:    ... okay on input line 19.
LaTeX Font Info:    Checking defaults for U/cmr/m/n on input line 19.
LaTeX Font Info:    ... okay on input line 19.
LaTeX Font Info:    Try loading font information for U+msa on input line 39.
 (c:/Program Files/TeXLive/texmf/tex/latex/amsfonts/umsa.fd
File: umsa.fd 2002/01/19 v2.2g AMS font definitions
)
LaTeX Font Info:    Try loading font information for U+msb on input line 39.

(c:/Program Files/TeXLive/texmf/tex/latex/amsfonts/umsb.fd
File: umsb.fd 2002/01/19 v2.2g AMS font definitions
)
LaTeX Font Info:    Try loading font information for OMS+rsfs on input line 39.


(c:/Program Files/TeXLive/texmf/tex/latex/calrsfs/omsrsfs.fd)
Overfull \hbox (3.05316pt too wide) in paragraph at lines 52--62
/cmr10@10.95pt/A /cmti10@10.95pt/com-plete de-ter-min-is-tic fi-nite au-toma-to
n /cmr10@10.95pt/(DFA) is a triple $/rsfs10@10.95pt/A /cmr10@10.95pt/= /cmsy10@
10.95pt/h/cmmi10@10.95pt/Q; ^^F; ^^N/cmsy10@10.95pt/i$/cmr10@10.95pt/,
 []

[1


Non-PDF special ignored!{c:/Program Files/TeXLive/texmf-var/dvips/config/pdftex
.map}]
Underfull \vbox (badness 5787) has occurred while \output is active []

 [2]
[3
Non-PDF special ignored!
Non-PDF special ignored!
Non-PDF special ignored!
Non-PDF special ignored!
Non-PDF special ignored!
Non-PDF special ignored!
Non-PDF special ignored!
Non-PDF special ignored!
Non-PDF special ignored!
Non-PDF special ignored!
Non-PDF special ignored!
Non-PDF special ignored!
Non-PDF special ignored!
Non-PDF special ignored!
Non-PDF special ignored!
Non-PDF special ignored!
Non-PDF special ignored!
Non-PDF special ignored!
Non-PDF special ignored!
Non-PDF special ignored!
Non-PDF special ignored!
Non-PDF special ignored!
Non-PDF special ignored!
Non-PDF special ignored!
Non-PDF special ignored!
Non-PDF special ignored!
Non-PDF special ignored!
Non-PDF special ignored!
Non-PDF special ignored!
Non-PDF special ignored!
Non-PDF special ignored!
Non-PDF special ignored!
Non-PDF special ignored!] [4] [5] [6]
Overfull \hbox (5.71097pt too wide) in paragraph at lines 456--458
[]/cmti10@10.95pt/The au-toma-ton $/rsfs10@10.95pt/W[]$ /cmti10@10.95pt/is syn-
chro-niz-ing and the min-i-mum length
 []

[7
Non-PDF special ignored!
Non-PDF special ignored!
Non-PDF special ignored!
Non-PDF special ignored!
Non-PDF special ignored!
Non-PDF special ignored!
Non-PDF special ignored!
Non-PDF special ignored!
Non-PDF special ignored!
Non-PDF special ignored!
Non-PDF special ignored!
Non-PDF special ignored!
Non-PDF special ignored!
Non-PDF special ignored!
Non-PDF special ignored!
Non-PDF special ignored!
Non-PDF special ignored!
Non-PDF special ignored!
Non-PDF special ignored!
Non-PDF special ignored!]
Underfull \vbox (badness 2173) has occurred while \output is active []

 [8
Non-PDF special ignored!
Non-PDF special ignored!
Non-PDF special ignored!
Non-PDF special ignored!
Non-PDF special ignored!
Non-PDF special ignored!
Non-PDF special ignored!
Non-PDF special ignored!
Non-PDF special ignored!
Non-PDF special ignored!
Non-PDF special ignored!
Non-PDF special ignored!
Non-PDF special ignored!
Non-PDF special ignored!]
Overfull \hbox (14.56567pt too wide) detected at line 581
/cmmi10@10.95pt/^^N/cmr10@10.95pt/(/cmmi10@10.95pt/m; a/cmr10@10.95pt/) = []  /
cmmi10@10.95pt/^^N/cmr10@10.95pt/(/cmmi10@10.95pt/m; b/cmr10@10.95pt/) = /cmmi1
0@10.95pt/m /cmr10@10.95pt/+ 1  ([]/cmmi10@10.95pt/n/cmr10@10.95pt/)/cmmi10@10.
95pt/:
 []

[9
Non-PDF special ignored!
Non-PDF special ignored!
Non-PDF special ignored!
Non-PDF special ignored!
Non-PDF special ignored!
Non-PDF special ignored!
Non-PDF special ignored!
Non-PDF special ignored!
Non-PDF special ignored!
Non-PDF special ignored!
Non-PDF special ignored!
Non-PDF special ignored!]
Overfull \hbox (71.45857pt too wide) detected at line 624
/cmmi10@10.95pt/^^N/cmr10@10.95pt/(/cmmi10@10.95pt/m; a/cmr10@10.95pt/) = []  /
cmmi10@10.95pt/^^N/cmr10@10.95pt/(/cmmi10@10.95pt/m; b/cmr10@10.95pt/) = [] /cm
mi10@10.95pt/:
 []


Overfull \hbox (92.63106pt too wide) detected at line 715
/cmmi10@10.95pt/^^N/cmr10@10.95pt/(/cmmi10@10.95pt/m; a/cmr10@10.95pt/) = []  /
cmmi10@10.95pt/^^N/cmr10@10.95pt/(/cmmi10@10.95pt/m; b/cmr10@10.95pt/) = [] /cm
mi10@10.95pt/:
 []

[10
Non-PDF special ignored!
Non-PDF special ignored!
Non-PDF special ignored!
Non-PDF special ignored!
Non-PDF special ignored!
Non-PDF special ignored!
Non-PDF special ignored!
Non-PDF special ignored!
Non-PDF special ignored!
Non-PDF special ignored!
Non-PDF special ignored!
Non-PDF special ignored!] [11
Non-PDF special ignored!
Non-PDF special ignored!
Non-PDF special ignored!
Non-PDF special ignored!
Non-PDF special ignored!
Non-PDF special ignored!
Non-PDF special ignored!
Non-PDF special ignored!
Non-PDF special ignored!
Non-PDF special ignored!
Non-PDF special ignored!
Non-PDF special ignored!
Non-PDF special ignored!
Non-PDF special ignored!
Non-PDF special ignored!]
Underfull \vbox (badness 1168) has occurred while \output is active []

 [12
Non-PDF special ignored!
Non-PDF special ignored!
Non-PDF special ignored!
Non-PDF special ignored!
Non-PDF special ignored!
Non-PDF special ignored!
Non-PDF special ignored!
Non-PDF special ignored!
Non-PDF special ignored!
Non-PDF special ignored!
Non-PDF special ignored!
Non-PDF special ignored!
Non-PDF special ignored!
Non-PDF special ignored!
Non-PDF special ignored!
Non-PDF special ignored!
Non-PDF special ignored!
Non-PDF special ignored!
Non-PDF special ignored!
Non-PDF special ignored!
Non-PDF special ignored!
Non-PDF special ignored!
Non-PDF special ignored!
Non-PDF special ignored!
Non-PDF special ignored!
Non-PDF special ignored!
Non-PDF special ignored!
Non-PDF special ignored!
Non-PDF special ignored!
Non-PDF special ignored!
Non-PDF special ignored!
Non-PDF special ignored!] [13
Non-PDF special ignored!
Non-PDF special ignored!
Non-PDF special ignored!
Non-PDF special ignored!
Non-PDF special ignored!
Non-PDF special ignored!
Non-PDF special ignored!
Non-PDF special ignored!
Non-PDF special ignored!
Non-PDF special ignored!
Non-PDF special ignored!
Non-PDF special ignored!
Non-PDF special ignored!
Non-PDF special ignored!
Non-PDF special ignored!
Non-PDF special ignored!
Non-PDF special ignored!] [14] (./agv_sss.aux)

LaTeX Warning: There were multiply-defined labels.

 ) 
Here is how much of TeX's memory you used:
 2315 strings out of 50283
 25555 string characters out of 1187001
 107103 words of memory out of 1500001
 5311 multiletter control sequences out of 10000+15000
 20676 words of font info for 79 fonts, out of 210000 for 1000
 109 hyphenation exceptions out of 1000
 29i,12n,24p,248b,364s stack positions out of 3000i,500n,3000p,200000b,40000s
 102 PDF objects out of 200000
 0 named destinations out of 131072
 0 words of extra memory for PDF output out of 65536
<c:/Program Files/TeXLive/texmf/fonts/type1/bluesky/cm/cmsy9.pfb><c:/Program 
Files/TeXLive/texmf/fonts/type1/bluesky/cm/cmbx10.pfb><c:/Program Files/TeXLive
/texmf/fonts/type1/bluesky/cm/cmmi9.pfb><c:/Program Files/TeXLive/texmf/fonts/t
ype1/bluesky/cm/cmr6.pfb><c:/Program Files/TeXLive/texmf/fonts/type1/bluesky/cm
/cmr8.pfb><c:/Program Files/TeXLive/texmf/fonts/type1/bluesky/cm/cmmi8.pfb><c:/
Program Files/TeXLive/texmf/fonts/type1/bluesky/cm/cmmi6.pfb><c:/Program Files/
TeXLive/texmf/fonts/type1/bluesky/cm/cmex10.pfb><c:/Program Files/TeXLive/texmf
/fonts/type1/bluesky/cm/cmsy8.pfb><c:/Program Files/TeXLive/texmf/fonts/type1/b
luesky/cm/cmmi10.pfb><c:/Program Files/TeXLive/texmf/fonts/type1/bluesky/cm/cms
y10.pfb><c:/Program Files/TeXLive/texmf/fonts/type1/hoekwater/rsfs/rsfs10.pfb><
c:/Program Files/TeXLive/texmf/fonts/type1/bluesky/cm/cmti10.pfb><c:/Program Fi
les/TeXLive/texmf/fonts/type1/bluesky/cm/cmbx9.pfb><c:/Program Files/TeXLive/te
xmf/fonts/type1/bluesky/cm/cmtt9.pfb><c:/Program Files/TeXLive/texmf/fonts/type
1/bluesky/cm/cmr9.pfb><c:/Program Files/TeXLive/texmf/fonts/type1/bluesky/cm/cm
r10.pfb><c:/Program Files/TeXLive/texmf/fonts/type1/bluesky/cm/cmmib10.pfb><c:/
Program Files/TeXLive/texmf/fonts/type1/bluesky/cm/cmbx12.pfb>
Output written on agv_sss.pdf (14 pages, 155992 bytes).
